This file contains any messages produced by compilers while
running configure, to aid debugging if configure makes a mistake.

It was created by CScan configure 1.0, which was
generated by GNU Autoconf 2.69.  Invocation command line was

  $ ./configure PKG_CONFIG_PATH=@PKG_CONFIG_PATH@ --no-create --no-recursion

## --------- ##
## Platform. ##
## --------- ##

hostname = VFR-LAP13135
uname -m = x86_64
uname -r = 2.11.2(0.329/5/3)
uname -s = MSYS_NT-10.0
uname -v = 2018-11-26 09:22

/usr/bin/uname -p = unknown
/bin/uname -X     = unknown

/bin/arch              = x86_64
/usr/bin/arch -k       = unknown
/usr/convex/getsysinfo = unknown
/usr/bin/hostinfo      = unknown
/bin/machine           = unknown
/usr/bin/oslevel       = unknown
/bin/universe          = unknown

PATH: /mingw64/bin
PATH: mingw64/bin/
PATH: /usr/local/bin
PATH: /usr/bin
PATH: /bin
PATH: /opt/bin
PATH: /c/Windows/System32
PATH: /c/Windows
PATH: /c/Windows/System32/Wbem
PATH: /c/Windows/System32/WindowsPowerShell/v1.0/
PATH: /usr/bin/site_perl
PATH: /usr/bin/vendor_perl
PATH: /usr/bin/core_perl


## ----------- ##
## Core tests. ##
## ----------- ##

configure:2101: loading site script /etc/config.site
| # This file is in public domain.
| # Original author: Karlson2k (Evgeny Grin)
| # Written for MSys2 to help running 'configure' scripts
| 
| # Use correct config.site even if CONFIG_SITE is not set
| if test "x$MSYSTEM" = "xMINGW64"; then
|   if test -r "${MINGW_PREFIX-/mingw64}/etc/config.site"; then
|     . "${MINGW_PREFIX-/mingw64}/etc/config.site"
|   fi
| elif test "x$MSYSTEM" = "xMINGW32"; then
|   if test -r "${MINGW_PREFIX-/mingw32}/etc/config.site"; then
|     . "${MINGW_PREFIX-/mingw32}/etc/config.site"
|   fi
| elif test "x$MSYSTEM" = "xCLANG64"; then
|   if test -r "${MINGW_PREFIX-/clang64}/etc/config.site"; then
|     . "${MINGW_PREFIX-/clang64}/etc/config.site"
|   fi
| elif test "x$MSYSTEM" = "xCLANG32"; then
|   if test -r "${MINGW_PREFIX-/clang32}/etc/config.site"; then
|     . "${MINGW_PREFIX-/clang32}/etc/config.site"
|   fi
| else
|   # Defaults for MSys2-targeted programs
| 
|   # Set proper selfname on bash and fallback to default name on other shells
|   test -n "${BASH_SOURCE}" 2>/dev/null && config_site_me="${BASH_SOURCE[0]##*/}" || config_site_me=config.site
| 
|   # Set default 'host' to speedup configure
|   if test -z "$build_alias"; then
|     build_alias="${MSYSTEM_CARCH-x86_64}-pc-msys"  && \
|       ${as_echo-echo} "$config_site_me:${as_lineno-$LINENO}: default build_alias set to $build_alias" >&5
|   fi
| 
|   # Set default 'prefix' to "/usr"
|   if ( test -z "$prefix" || test "x$prefix" = "xNONE" ) && \
|      ( test -z "$exec_prefix" || test "x$exec_prefix" = "xNONE" ); then
|     prefix="${MSYSTEM_PREFIX-/usr}" && \
|       ${as_echo-echo} "$config_site_me:${as_lineno-$LINENO}: default prefix set to $prefix" >&5
|   fi
| 
| fi
config.site:31: default build_alias set to x86_64-pc-msys
config.site:38: default prefix set to /usr
configure:2248: checking for a BSD-compatible install
configure:2316: result: /usr/bin/install -c
configure:2327: checking whether build environment is sane
configure:2382: result: yes
configure:2533: checking for a thread-safe mkdir -p
configure:2572: result: /usr/bin/mkdir -p
configure:2579: checking for gawk
configure:2595: found /usr/bin/gawk
configure:2606: result: gawk
configure:2617: checking whether make sets $(MAKE)
configure:2639: result: yes
configure:2668: checking whether make supports nested variables
configure:2685: result: yes
configure:2823: checking whether make supports nested variables
configure:2840: result: yes
configure:2858: checking whether make supports the include directive
configure:2873: make -f confmf.GNU && cat confinc.out
make[1]: Entering directory '/home/sbailleu/CScan'
make[1]: Leaving directory '/home/sbailleu/CScan'
this is the am__doit target
configure:2876: $? = 0
configure:2895: result: yes (GNU style)
configure:2965: checking for gcc
configure:2981: found /mingw64/bin/gcc
configure:2992: result: gcc
configure:3221: checking for C compiler version
configure:3230: gcc --version >&5
gcc.exe (Rev2, Built by MSYS2 project) 8.3.0
Copyright (C) 2018 Free Software Foundation, Inc.
This is free software; see the source for copying conditions.  There is NO
warranty; not even for MERCHANTABILITY or FITNESS FOR A PARTICULAR PURPOSE.

configure:3241: $? = 0
configure:3230: gcc -v >&5
Using built-in specs.
COLLECT_GCC=C:\msys64\mingw64\bin\gcc.exe
COLLECT_LTO_WRAPPER=C:/msys64/mingw64/bin/../lib/gcc/x86_64-w64-mingw32/8.3.0/lto-wrapper.exe
Target: x86_64-w64-mingw32
Configured with: ../gcc-8.3.0/configure --prefix=/mingw64 --with-local-prefix=/mingw64/local --build=x86_64-w64-mingw32 --host=x86_64-w64-mingw32 --target=x86_64-w64-mingw32 --with-native-system-header-dir=/mingw64/x86_64-w64-mingw32/include --libexecdir=/mingw64/lib --enable-bootstrap --with-arch=x86-64 --with-tune=generic --enable-languages=ada,c,lto,c++,objc,obj-c++,fortran --enable-shared --enable-static --enable-libatomic --enable-threads=posix --enable-graphite --enable-fully-dynamic-string --enable-libstdcxx-filesystem-ts=yes --enable-libstdcxx-time=yes --disable-libstdcxx-pch --disable-libstdcxx-debug --disable-isl-version-check --enable-lto --enable-libgomp --disable-multilib --enable-checking=release --disable-rpath --disable-win32-registry --disable-nls --disable-werror --disable-symvers --with-libiconv --with-system-zlib --with-gmp=/mingw64 --with-mpfr=/mingw64 --with-mpc=/mingw64 --with-isl=/mingw64 --with-pkgversion='Rev2, Built by MSYS2 project' --with-bugurl=https://sourceforge.net/projects/msys2 --with-gnu-as --with-gnu-ld
Thread model: posix
gcc version 8.3.0 (Rev2, Built by MSYS2 project) 
configure:3241: $? = 0
configure:3230: gcc -V >&5
gcc.exe: error: unrecognized command line option '-V'
gcc.exe: fatal error: no input files
compilation terminated.
configure:3241: $? = 1
configure:3230: gcc -qversion >&5
gcc.exe: error: unrecognized command line option '-qversion'; did you mean '--version'?
gcc.exe: fatal error: no input files
compilation terminated.
configure:3241: $? = 1
configure:3261: checking whether the C compiler works
configure:3283: gcc    conftest.c  >&5
configure:3287: $? = 0
configure:3335: result: yes
configure:3338: checking for C compiler default output file name
configure:3340: result: a.exe
configure:3346: checking for suffix of executables
configure:3353: gcc -o conftest.exe    conftest.c  >&5
configure:3357: $? = 0
configure:3379: result: .exe
configure:3401: checking whether we are cross compiling
configure:3409: gcc -o conftest.exe    conftest.c  >&5
configure:3413: $? = 0
configure:3420: ./conftest.exe
configure:3424: $? = 0
configure:3439: result: no
configure:3444: checking for suffix of object files
configure:3466: gcc -c   conftest.c >&5
configure:3470: $? = 0
configure:3491: result: o
configure:3495: checking whether we are using the GNU C compiler
configure:3514: gcc -c   conftest.c >&5
configure:3514: $? = 0
configure:3523: result: yes
configure:3532: checking whether gcc accepts -g
configure:3552: gcc -c -g  conftest.c >&5
configure:3552: $? = 0
configure:3593: result: yes
configure:3610: checking for gcc option to accept ISO C89
configure:3673: gcc  -c -g -O2  conftest.c >&5
configure:3673: $? = 0
configure:3686: result: none needed
configure:3711: checking whether gcc understands -c and -o together
configure:3733: gcc -c conftest.c -o conftest2.o
configure:3736: $? = 0
configure:3733: gcc -c conftest.c -o conftest2.o
configure:3736: $? = 0
configure:3748: result: yes
configure:3767: checking dependency style of gcc
configure:3878: result: gcc3
configure:3893: checking for gcc option to accept ISO C99
configure:4042: gcc  -c -g -O2  conftest.c >&5
configure:4042: $? = 0
configure:4055: result: none needed
configure:4102: checking build system type
configure:4116: result: x86_64-pc-msys
configure:4136: checking host system type
configure:4149: result: x86_64-pc-msys
configure:4190: checking how to print strings
configure:4217: result: printf
configure:4238: checking for a sed that does not truncate output
configure:4302: result: /usr/bin/sed
configure:4320: checking for grep that handles long lines and -e
configure:4378: result: /usr/bin/grep
configure:4383: checking for egrep
configure:4445: result: /usr/bin/grep -E
configure:4450: checking for fgrep
configure:4512: result: /usr/bin/grep -F
configure:4547: checking for ld used by gcc
configure:4614: result: C:/msys64/mingw64/x86_64-w64-mingw32/bin/ld.exe
configure:4621: checking if the linker (C:/msys64/mingw64/x86_64-w64-mingw32/bin/ld.exe) is GNU ld
configure:4636: result: yes
configure:4648: checking for BSD- or MS-compatible name lister (nm)
configure:4702: result: /mingw64/bin/nm -B
configure:4832: checking the name lister (/mingw64/bin/nm -B) interface
configure:4839: gcc -c -g -O2  conftest.c >&5
configure:4842: /mingw64/bin/nm -B "conftest.o"
configure:4845: output
0000000000000000 b .bss
0000000000000000 d .data
0000000000000000 N .debug_abbrev
0000000000000000 N .debug_aranges
0000000000000000 N .debug_info
0000000000000000 N .debug_line
0000000000000000 r .rdata$zzz
0000000000000000 t .text
0000000000000000 B some_variable
configure:4852: result: BSD nm
configure:4855: checking whether ln -s works
configure:4862: result: no, using cp -pR
configure:4867: checking the maximum length of command line arguments
configure:4998: result: 8192
configure:5046: checking how to convert x86_64-pc-msys file names to x86_64-pc-msys format
configure:5086: result: func_convert_file_noop
configure:5093: checking how to convert x86_64-pc-msys file names to toolchain format
configure:5113: result: func_convert_file_noop
configure:5120: checking for C:/msys64/mingw64/x86_64-w64-mingw32/bin/ld.exe option to reload object files
configure:5127: result: -r
configure:5201: checking for objdump
configure:5217: found /mingw64/bin/objdump
configure:5228: result: objdump
configure:5260: checking how to recognize dependent libraries
configure:5460: result: file_magic ^x86 archive import|^x86 DLL
configure:5545: checking for dlltool
configure:5561: found /mingw64/bin/dlltool
configure:5572: result: dlltool
configure:5605: checking how to associate runtime and link libraries
configure:5632: result: func_cygming_dll_for_implib
configure:5693: checking for ar
configure:5709: found /mingw64/bin/ar
configure:5720: result: ar
configure:5757: checking for archiver @FILE support
configure:5774: gcc -c -g -O2  conftest.c >&5
configure:5774: $? = 0
configure:5777: ar cru libconftest.a @conftest.lst >&5
configure:5780: $? = 0
configure:5785: ar cru libconftest.a @conftest.lst >&5
C:\msys64\mingw64\bin\ar.exe: conftest.o: No such file or directory
configure:5788: $? = 1
configure:5800: result: @
configure:5858: checking for strip
configure:5874: found /mingw64/bin/strip
configure:5885: result: strip
configure:5957: checking for ranlib
configure:5973: found /mingw64/bin/ranlib
configure:5984: result: ranlib
configure:6086: checking command to parse /mingw64/bin/nm -B output from gcc object
configure:6239: gcc -c -g -O2  conftest.c >&5
configure:6242: $? = 0
configure:6246: /mingw64/bin/nm -B conftest.o \| sed -n -e 's/^.*[ ]\([ABCDGIRSTW][ABCDGIRSTW]*\)[ ][ ]*\([_A-Za-z][_A-Za-z0-9]*\)$/\1 \2 \2/p' | sed '/ __gnu_lto/d' \> conftest.nm
configure:6249: $? = 0
configure:6315: gcc -o conftest.exe -g -O2   conftest.c conftstm.o >&5
configure:6318: $? = 0
configure:6356: result: ok
configure:6403: checking for sysroot
configure:6433: result: no
configure:6440: checking for a working dd
configure:6478: result: /usr/bin/dd
configure:6482: checking how to truncate binary pipes
configure:6497: result: /usr/bin/dd bs=4096 count=1
configure:6826: checking for mt
configure:6856: result: no
configure:6876: checking if : is a manifest tool
configure:6882: : '-?'
configure:6890: result: no
configure:7567: checking how to run the C preprocessor
configure:7598: gcc -E  conftest.c
configure:7598: $? = 0
configure:7612: gcc -E  conftest.c
conftest.c:11:10: fatal error: ac_nonexistent.h: No such file or directory
 #include <ac_nonexistent.h>
          ^~~~~~~~~~~~~~~~~~
compilation terminated.
configure:7612: $? = 1
configure: failed program was:
| /* confdefs.h */
| #define PACKAGE_NAME "CScan"
| #define PACKAGE_TARNAME "cscan"
| #define PACKAGE_VERSION "1.0"
| #define PACKAGE_STRING "CScan 1.0"
| #define PACKAGE_BUGREPORT "support@fight-food-waste.ovh"
| #define PACKAGE_URL ""
| #define PACKAGE "cscan"
| #define VERSION "1.0"
| /* end confdefs.h.  */
| #include <ac_nonexistent.h>
configure:7637: result: gcc -E
configure:7657: gcc -E  conftest.c
configure:7657: $? = 0
configure:7671: gcc -E  conftest.c
conftest.c:11:10: fatal error: ac_nonexistent.h: No such file or directory
 #include <ac_nonexistent.h>
          ^~~~~~~~~~~~~~~~~~
compilation terminated.
configure:7671: $? = 1
configure: failed program was:
| /* confdefs.h */
| #define PACKAGE_NAME "CScan"
| #define PACKAGE_TARNAME "cscan"
| #define PACKAGE_VERSION "1.0"
| #define PACKAGE_STRING "CScan 1.0"
| #define PACKAGE_BUGREPORT "support@fight-food-waste.ovh"
| #define PACKAGE_URL ""
| #define PACKAGE "cscan"
| #define VERSION "1.0"
| /* end confdefs.h.  */
| #include <ac_nonexistent.h>
configure:7700: checking for ANSI C header files
configure:7720: gcc -c -g -O2  conftest.c >&5
configure:7720: $? = 0
configure:7793: gcc -o conftest.exe -g -O2   conftest.c  >&5
configure:7793: $? = 0
configure:7793: ./conftest.exe
configure:7793: $? = 0
configure:7804: result: yes
configure:7817: checking for sys/types.h
configure:7817: gcc -c -g -O2  conftest.c >&5
configure:7817: $? = 0
configure:7817: result: yes
configure:7817: checking for sys/stat.h
configure:7817: gcc -c -g -O2  conftest.c >&5
configure:7817: $? = 0
configure:7817: result: yes
configure:7817: checking for stdlib.h
configure:7817: gcc -c -g -O2  conftest.c >&5
configure:7817: $? = 0
configure:7817: result: yes
configure:7817: checking for string.h
configure:7817: gcc -c -g -O2  conftest.c >&5
configure:7817: $? = 0
configure:7817: result: yes
configure:7817: checking for memory.h
configure:7817: gcc -c -g -O2  conftest.c >&5
configure:7817: $? = 0
configure:7817: result: yes
configure:7817: checking for strings.h
configure:7817: gcc -c -g -O2  conftest.c >&5
configure:7817: $? = 0
configure:7817: result: yes
configure:7817: checking for inttypes.h
configure:7817: gcc -c -g -O2  conftest.c >&5
configure:7817: $? = 0
configure:7817: result: yes
configure:7817: checking for stdint.h
configure:7817: gcc -c -g -O2  conftest.c >&5
configure:7817: $? = 0
configure:7817: result: yes
configure:7817: checking for unistd.h
configure:7817: gcc -c -g -O2  conftest.c >&5
configure:7817: $? = 0
configure:7817: result: yes
configure:7831: checking for dlfcn.h
configure:7831: gcc -c -g -O2  conftest.c >&5
conftest.c:55:10: fatal error: dlfcn.h: No such file or directory
 #include <dlfcn.h>
          ^~~~~~~~~
compilation terminated.
configure:7831: $? = 1
configure: failed program was:
| /* confdefs.h */
| #define PACKAGE_NAME "CScan"
| #define PACKAGE_TARNAME "cscan"
| #define PACKAGE_VERSION "1.0"
| #define PACKAGE_STRING "CScan 1.0"
| #define PACKAGE_BUGREPORT "support@fight-food-waste.ovh"
| #define PACKAGE_URL ""
| #define PACKAGE "cscan"
| #define VERSION "1.0"
| #define STDC_HEADERS 1
| #define HAVE_SYS_TYPES_H 1
| #define HAVE_SYS_STAT_H 1
| #define HAVE_STDLIB_H 1
| #define HAVE_STRING_H 1
| #define HAVE_MEMORY_H 1
| #define HAVE_STRINGS_H 1
| #define HAVE_INTTYPES_H 1
| #define HAVE_STDINT_H 1
| #define HAVE_UNISTD_H 1
| /* end confdefs.h.  */
| #include <stdio.h>
| #ifdef HAVE_SYS_TYPES_H
| # include <sys/types.h>
| #endif
| #ifdef HAVE_SYS_STAT_H
| # include <sys/stat.h>
| #endif
| #ifdef STDC_HEADERS
| # include <stdlib.h>
| # include <stddef.h>
| #else
| # ifdef HAVE_STDLIB_H
| #  include <stdlib.h>
| # endif
| #endif
| #ifdef HAVE_STRING_H
| # if !defined STDC_HEADERS && defined HAVE_MEMORY_H
| #  include <memory.h>
| # endif
| # include <string.h>
| #endif
| #ifdef HAVE_STRINGS_H
| # include <strings.h>
| #endif
| #ifdef HAVE_INTTYPES_H
| # include <inttypes.h>
| #endif
| #ifdef HAVE_STDINT_H
| # include <stdint.h>
| #endif
| #ifdef HAVE_UNISTD_H
| # include <unistd.h>
| #endif
| 
| #include <dlfcn.h>
configure:7831: result: no
configure:8087: checking for objdir
configure:8102: result: .libs
configure:8366: checking if gcc supports -fno-rtti -fno-exceptions
configure:8384: gcc -c -g -O2  -fno-rtti -fno-exceptions conftest.c >&5
cc1.exe: warning: command line option '-fno-rtti' is valid for C++/ObjC++ but not for C
configure:8388: $? = 0
configure:8401: result: no
configure:8759: checking for gcc option to produce PIC
configure:8766: result: -DDLL_EXPORT -DPIC
configure:8774: checking if gcc PIC flag -DDLL_EXPORT -DPIC works
configure:8792: gcc -c -g -O2  -DDLL_EXPORT -DPIC -DPIC conftest.c >&5
configure:8796: $? = 0
configure:8809: result: yes
configure:8838: checking if gcc static flag -static works
configure:8866: result: yes
configure:8881: checking if gcc supports -c -o file.o
configure:8902: gcc -c -g -O2  -o out/conftest2.o conftest.c >&5
configure:8906: $? = 0
configure:8928: result: yes
configure:8936: checking if gcc supports -c -o file.o
configure:8983: result: yes
configure:9016: checking whether the gcc linker (C:/msys64/mingw64/x86_64-w64-mingw32/bin/ld.exe) supports shared libraries
configure:10276: result: yes
configure:10313: checking whether -lc should be explicitly linked in
configure:10321: gcc -c -g -O2  conftest.c >&5
configure:10324: $? = 0
configure:10339: gcc -shared conftest.o  -v -o ./conftest -Wl,--enable-auto-image-base -Xlinker --out-implib -Xlinker conftest 2\>\&1 \| /usr/bin/grep  -lc  \>/dev/null 2\>\&1
configure:10342: $? = 1
configure:10356: result: yes
configure:10516: checking dynamic linker characteristics
configure:11340: result: Win32 ld.exe
configure:11462: checking how to hardcode library paths into programs
configure:11487: result: immediate
configure:12035: checking whether stripping libraries is possible
configure:12040: result: yes
configure:12075: checking if libtool supports shared libraries
configure:12077: result: yes
configure:12080: checking whether to build shared libraries
configure:12105: result: yes
configure:12108: checking whether to build static libraries
configure:12112: result: yes
configure:12150: checking for ANSI C header files
configure:12254: result: yes
configure:12310: checking for gcc
configure:12337: result: gcc
configure:12566: checking for C compiler version
configure:12575: gcc --version >&5
gcc.exe (Rev2, Built by MSYS2 project) 8.3.0
Copyright (C) 2018 Free Software Foundation, Inc.
This is free software; see the source for copying conditions.  There is NO
warranty; not even for MERCHANTABILITY or FITNESS FOR A PARTICULAR PURPOSE.

configure:12586: $? = 0
configure:12575: gcc -v >&5
Using built-in specs.
COLLECT_GCC=C:\msys64\mingw64\bin\gcc.exe
COLLECT_LTO_WRAPPER=C:/msys64/mingw64/bin/../lib/gcc/x86_64-w64-mingw32/8.3.0/lto-wrapper.exe
Target: x86_64-w64-mingw32
Configured with: ../gcc-8.3.0/configure --prefix=/mingw64 --with-local-prefix=/mingw64/local --build=x86_64-w64-mingw32 --host=x86_64-w64-mingw32 --target=x86_64-w64-mingw32 --with-native-system-header-dir=/mingw64/x86_64-w64-mingw32/include --libexecdir=/mingw64/lib --enable-bootstrap --with-arch=x86-64 --with-tune=generic --enable-languages=ada,c,lto,c++,objc,obj-c++,fortran --enable-shared --enable-static --enable-libatomic --enable-threads=posix --enable-graphite --enable-fully-dynamic-string --enable-libstdcxx-filesystem-ts=yes --enable-libstdcxx-time=yes --disable-libstdcxx-pch --disable-libstdcxx-debug --disable-isl-version-check --enable-lto --enable-libgomp --disable-multilib --enable-checking=release --disable-rpath --disable-win32-registry --disable-nls --disable-werror --disable-symvers --with-libiconv --with-system-zlib --with-gmp=/mingw64 --with-mpfr=/mingw64 --with-mpc=/mingw64 --with-isl=/mingw64 --with-pkgversion='Rev2, Built by MSYS2 project' --with-bugurl=https://sourceforge.net/projects/msys2 --with-gnu-as --with-gnu-ld
Thread model: posix
gcc version 8.3.0 (Rev2, Built by MSYS2 project) 
configure:12586: $? = 0
configure:12575: gcc -V >&5
gcc.exe: error: unrecognized command line option '-V'
gcc.exe: fatal error: no input files
compilation terminated.
configure:12586: $? = 1
configure:12575: gcc -qversion >&5
gcc.exe: error: unrecognized command line option '-qversion'; did you mean '--version'?
gcc.exe: fatal error: no input files
compilation terminated.
configure:12586: $? = 1
configure:12590: checking whether we are using the GNU C compiler
configure:12618: result: yes
configure:12627: checking whether gcc accepts -g
configure:12688: result: yes
configure:12705: checking for gcc option to accept ISO C89
configure:12781: result: none needed
configure:12806: checking whether gcc understands -c and -o together
configure:12843: result: yes
configure:12862: checking dependency style of gcc
configure:12973: result: gcc3
configure:13044: checking for pkg-config
configure:13062: found /mingw64/bin/pkg-config
configure:13074: result: /mingw64/bin/pkg-config
configure:13099: checking pkg-config is at least version 0.9.0
configure:13102: result: yes
configure:13112: checking for gtk+-3.0
configure:13119: $PKG_CONFIG --exists --print-errors "gtk+-3.0"
configure:13122: $? = 0
configure:13136: $PKG_CONFIG --exists --print-errors "gtk+-3.0"
configure:13139: $? = 0
configure:13197: result: yes
configure:13203: checking for glib-2.0
configure:13210: $PKG_CONFIG --exists --print-errors "glib-2.0"
configure:13213: $? = 0
configure:13227: $PKG_CONFIG --exists --print-errors "glib-2.0"
configure:13230: $? = 0
configure:13288: result: yes
configure:13294: checking for libcurl 
configure:13301: $PKG_CONFIG --exists --print-errors "libcurl "
configure:13304: $? = 0
configure:13318: $PKG_CONFIG --exists --print-errors "libcurl "
configure:13321: $? = 0
configure:13379: result: yes
configure:13385: checking for pango
configure:13392: $PKG_CONFIG --exists --print-errors "pango"
configure:13395: $? = 0
configure:13409: $PKG_CONFIG --exists --print-errors "pango"
configure:13412: $? = 0
configure:13470: result: yes
configure:13479: checking whether NLS is requested
configure:13488: result: yes
configure:13506: checking for intltool >= 0.40.0
configure:13508: result: 0.51.0 found
configure:13516: checking for intltool-update
configure:13534: found /usr/bin/intltool-update
configure:13546: result: /usr/bin/intltool-update
configure:13556: checking for intltool-merge
configure:13574: found /usr/bin/intltool-merge
configure:13586: result: /usr/bin/intltool-merge
configure:13596: checking for intltool-extract
configure:13614: found /usr/bin/intltool-extract
configure:13626: result: /usr/bin/intltool-extract
configure:13780: checking for xgettext
configure:13798: found /mingw64/bin/xgettext
configure:13810: result: /mingw64/bin/xgettext
configure:13820: checking for msgmerge
configure:13838: found /mingw64/bin/msgmerge
configure:13850: result: /mingw64/bin/msgmerge
configure:13860: checking for msgfmt
configure:13878: found /mingw64/bin/msgfmt
configure:13890: result: /mingw64/bin/msgfmt
configure:13900: checking for gmsgfmt
configure:13931: result: /mingw64/bin/msgfmt
configure:13951: checking for perl
configure:13969: found /usr/bin/perl
configure:13981: result: /usr/bin/perl
configure:13992: checking for perl >= 5.8.1
configure:13999: result: 5.28.1
configure:14003: checking for XML::Parser
configure:14006: result: ok
configure:14139: checking that generated files are newer than configure
configure:14145: result: done
configure:14176: creating ./config.status

## ---------------- ##
## Cache variables. ##
## ---------------- ##

ac_cv_build=x86_64-pc-msys
ac_cv_c_compiler_gnu=yes
ac_cv_env_CC_set=
ac_cv_env_CC_value=
ac_cv_env_CFLAGS_set=
ac_cv_env_CFLAGS_value=
ac_cv_env_CPPFLAGS_set=
ac_cv_env_CPPFLAGS_value=
ac_cv_env_CPP_set=
ac_cv_env_CPP_value=
ac_cv_env_GLIB_CFLAGS_set=
ac_cv_env_GLIB_CFLAGS_value=
ac_cv_env_GLIB_LIBS_set=
ac_cv_env_GLIB_LIBS_value=
ac_cv_env_GTK_CFLAGS_set=
ac_cv_env_GTK_CFLAGS_value=
ac_cv_env_GTK_LIBS_set=
ac_cv_env_GTK_LIBS_value=
ac_cv_env_LDFLAGS_set=
ac_cv_env_LDFLAGS_value=
ac_cv_env_LIBCURL_CFLAGS_set=
ac_cv_env_LIBCURL_CFLAGS_value=
ac_cv_env_LIBCURL_LIBS_set=
ac_cv_env_LIBCURL_LIBS_value=
ac_cv_env_LIBS_set=
ac_cv_env_LIBS_value=
ac_cv_env_LT_SYS_LIBRARY_PATH_set=
ac_cv_env_LT_SYS_LIBRARY_PATH_value=
ac_cv_env_PANGO_CFLAGS_set=
ac_cv_env_PANGO_CFLAGS_value=
ac_cv_env_PANGO_LIBS_set=
ac_cv_env_PANGO_LIBS_value=
ac_cv_env_PKG_CONFIG_LIBDIR_set=
ac_cv_env_PKG_CONFIG_LIBDIR_value=
ac_cv_env_PKG_CONFIG_PATH_set=set
ac_cv_env_PKG_CONFIG_PATH_value=@PKG_CONFIG_PATH@
ac_cv_env_PKG_CONFIG_set=
ac_cv_env_PKG_CONFIG_value=
ac_cv_env_build_alias_set=
ac_cv_env_build_alias_value=
ac_cv_env_host_alias_set=
ac_cv_env_host_alias_value=
ac_cv_env_target_alias_set=
ac_cv_env_target_alias_value=
ac_cv_exeext=.exe
ac_cv_header_dlfcn_h=no
ac_cv_header_inttypes_h=yes
ac_cv_header_memory_h=yes
ac_cv_header_stdc=yes
ac_cv_header_stdint_h=yes
ac_cv_header_stdlib_h=yes
ac_cv_header_string_h=yes
ac_cv_header_strings_h=yes
ac_cv_header_sys_stat_h=yes
ac_cv_header_sys_types_h=yes
ac_cv_header_unistd_h=yes
ac_cv_host=x86_64-pc-msys
ac_cv_objext=o
ac_cv_path_EGREP='/usr/bin/grep -E'
ac_cv_path_FGREP='/usr/bin/grep -F'
ac_cv_path_GMSGFMT=/mingw64/bin/msgfmt
ac_cv_path_GREP=/usr/bin/grep
ac_cv_path_INTLTOOL_EXTRACT=/usr/bin/intltool-extract
ac_cv_path_INTLTOOL_MERGE=/usr/bin/intltool-merge
ac_cv_path_INTLTOOL_PERL=/usr/bin/perl
ac_cv_path_INTLTOOL_UPDATE=/usr/bin/intltool-update
ac_cv_path_MSGFMT=/mingw64/bin/msgfmt
ac_cv_path_MSGMERGE=/mingw64/bin/msgmerge
ac_cv_path_SED=/usr/bin/sed
ac_cv_path_XGETTEXT=/mingw64/bin/xgettext
ac_cv_path_ac_pt_PKG_CONFIG=/mingw64/bin/pkg-config
ac_cv_path_install='/usr/bin/install -c'
ac_cv_path_lt_DD=/usr/bin/dd
ac_cv_path_mkdir=/usr/bin/mkdir
ac_cv_prog_AWK=gawk
ac_cv_prog_CPP='gcc -E'
ac_cv_prog_ac_ct_AR=ar
ac_cv_prog_ac_ct_CC=gcc
ac_cv_prog_ac_ct_DLLTOOL=dlltool
ac_cv_prog_ac_ct_OBJDUMP=objdump
ac_cv_prog_ac_ct_RANLIB=ranlib
ac_cv_prog_ac_ct_STRIP=strip
ac_cv_prog_cc_c89=
ac_cv_prog_cc_c99=
ac_cv_prog_cc_g=yes
ac_cv_prog_make_make_set=yes
am_cv_CC_dependencies_compiler_type=gcc3
am_cv_make_support_nested_variables=yes
am_cv_prog_cc_c_o=yes
lt_cv_ar_at_file=@
lt_cv_archive_cmds_need_lc=yes
lt_cv_deplibs_check_method='file_magic ^x86 archive import|^x86 DLL'
lt_cv_file_magic_cmd=func_win32_libid
lt_cv_file_magic_test_file=
lt_cv_ld_reload_flag=-r
lt_cv_nm_interface='BSD nm'
lt_cv_objdir=.libs
lt_cv_path_LD=C:/msys64/mingw64/x86_64-w64-mingw32/bin/ld.exe
lt_cv_path_NM='/mingw64/bin/nm -B'
lt_cv_path_mainfest_tool=no
lt_cv_prog_compiler_c_o=yes
lt_cv_prog_compiler_pic='-DDLL_EXPORT -DPIC'
lt_cv_prog_compiler_pic_works=yes
lt_cv_prog_compiler_rtti_exceptions=no
lt_cv_prog_compiler_static_works=yes
lt_cv_prog_gnu_ld=yes
lt_cv_sharedlib_from_linklib_cmd=func_cygming_dll_for_implib
lt_cv_sys_global_symbol_pipe='sed -n -e '\''s/^.*[	 ]\([ABCDGIRSTW][ABCDGIRSTW]*\)[	 ][	 ]*\([_A-Za-z][_A-Za-z0-9]*\)$/\1 \2 \2/p'\'' | sed '\''/ __gnu_lto/d'\'''
lt_cv_sys_global_symbol_to_c_name_address='sed -n -e '\''s/^: \(.*\) .*$/  {"\1", (void *) 0},/p'\'' -e '\''s/^[ABCDGIRSTW][ABCDGIRSTW]* .* \(.*\)$/  {"\1", (void *) \&\1},/p'\'''
lt_cv_sys_global_symbol_to_c_name_address_lib_prefix='sed -n -e '\''s/^: \(.*\) .*$/  {"\1", (void *) 0},/p'\'' -e '\''s/^[ABCDGIRSTW][ABCDGIRSTW]* .* \(lib.*\)$/  {"\1", (void *) \&\1},/p'\'' -e '\''s/^[ABCDGIRSTW][ABCDGIRSTW]* .* \(.*\)$/  {"lib\1", (void *) \&\1},/p'\'''
lt_cv_sys_global_symbol_to_cdecl='sed -n -e '\''s/^T .* \(.*\)$/extern int \1();/p'\'' -e '\''s/^[ABCDGIRSTW][ABCDGIRSTW]* .* \(.*\)$/extern char \1;/p'\'''
lt_cv_sys_global_symbol_to_import=
lt_cv_sys_max_cmd_len=8192
lt_cv_to_host_file_cmd=func_convert_file_noop
lt_cv_to_tool_file_cmd=func_convert_file_noop
lt_cv_truncate_bin='/usr/bin/dd bs=4096 count=1'
pkg_cv_GLIB_CFLAGS='-mms-bitfields -IC:/msys64/mingw64/include/glib-2.0 -IC:/msys64/mingw64/lib/glib-2.0/include -IC:/msys64/mingw64/include'
pkg_cv_GLIB_LIBS='-LC:/msys64/mingw64/lib -lglib-2.0 -lintl'
pkg_cv_GTK_CFLAGS='-mms-bitfields -pthread -mms-bitfields -IC:/msys64/mingw64/include/gtk-3.0 -IC:/msys64/mingw64/include/cairo -IC:/msys64/mingw64/include -IC:/msys64/mingw64/include/pango-1.0 -IC:/msys64/mingw64/include/fribidi -IC:/msys64/mingw64/include -IC:/msys64/mingw64/include/atk-1.0 -IC:/msys64/mingw64/include/cairo -IC:/msys64/mingw64/include/pixman-1 -IC:/msys64/mingw64/include -IC:/msys64/mingw64/include/freetype2 -IC:/msys64/mingw64/include -IC:/msys64/mingw64/include/harfbuzz -IC:/msys64/mingw64/include/libpng16 -IC:/msys64/mingw64/include/gdk-pixbuf-2.0 -IC:/msys64/mingw64/include/libpng16 -IC:/msys64/mingw64/include -IC:/msys64/mingw64/lib/libffi-3.2.1/include -IC:/msys64/mingw64/include/glib-2.0 -IC:/msys64/mingw64/lib/glib-2.0/include -IC:/msys64/mingw64/include'
pkg_cv_GTK_LIBS='-LC:/msys64/mingw64/lib -lgtk-3 -lgdk-3 -lgdi32 -limm32 -lshell32 -lole32 -Wl,-luuid -lwinmm -ldwmapi -lsetupapi -lcfgmgr32 -lz -lpangowin32-1.0 -lpangocairo-1.0 -lpango-1.0 -latk-1.0 -lcairo-gobject -lcairo -lgdk_pixbuf-2.0 -lgio-2.0 -lgobject-2.0 -lglib-2.0 -lintl'
pkg_cv_LIBCURL_CFLAGS=-IC:/msys64/mingw64/include
pkg_cv_LIBCURL_LIBS='-LC:/msys64/mingw64/lib -lcurl'
pkg_cv_PANGO_CFLAGS='-mms-bitfields -IC:/msys64/mingw64/include/pango-1.0 -IC:/msys64/mingw64/include/fribidi -IC:/msys64/mingw64/include -IC:/msys64/mingw64/include/cairo -IC:/msys64/mingw64/include/pixman-1 -IC:/msys64/mingw64/include -IC:/msys64/mingw64/include/freetype2 -IC:/msys64/mingw64/include -IC:/msys64/mingw64/include/harfbuzz -IC:/msys64/mingw64/include/libpng16 -IC:/msys64/mingw64/include -IC:/msys64/mingw64/lib/libffi-3.2.1/include -IC:/msys64/mingw64/include/glib-2.0 -IC:/msys64/mingw64/lib/glib-2.0/include -IC:/msys64/mingw64/include'
pkg_cv_PANGO_LIBS='-LC:/msys64/mingw64/lib -lpango-1.0 -lgobject-2.0 -lglib-2.0 -lintl'

## ----------------- ##
## Output variables. ##
## ----------------- ##

ACLOCAL='${SHELL} /home/sbailleu/CScan/build-aux/missing aclocal-1.16'
ALL_LINGUAS=''
AMDEPBACKSLASH='\'
AMDEP_FALSE='#'
AMDEP_TRUE=''
AMTAR='$${TAR-tar}'
AM_BACKSLASH='\'
AM_DEFAULT_V='$(AM_DEFAULT_VERBOSITY)'
AM_DEFAULT_VERBOSITY='1'
AM_V='$(V)'
AR='ar'
AUTOCONF='${SHELL} /home/sbailleu/CScan/build-aux/missing autoconf'
AUTOHEADER='${SHELL} /home/sbailleu/CScan/build-aux/missing autoheader'
AUTOMAKE='${SHELL} /home/sbailleu/CScan/build-aux/missing automake-1.16'
AWK='gawk'
CC='gcc'
CCDEPMODE='depmode=gcc3'
CFLAGS='-g -O2'
CPP='gcc -E'
CPPFLAGS=''
CYGPATH_W='cygpath -w'
DEFS='-DHAVE_CONFIG_H'
DEPDIR='.deps'
DLLTOOL='dlltool'
DSYMUTIL=''
DUMPBIN=''
ECHO_C=''
ECHO_N='-n'
ECHO_T=''
EGREP='/usr/bin/grep -E'
EXEEXT='.exe'
FGREP='/usr/bin/grep -F'
GLIB_CFLAGS='-mms-bitfields -IC:/msys64/mingw64/include/glib-2.0 -IC:/msys64/mingw64/lib/glib-2.0/include -IC:/msys64/mingw64/include'
GLIB_LIBS='-LC:/msys64/mingw64/lib -lglib-2.0 -lintl'
GMSGFMT='/mingw64/bin/msgfmt'
GREP='/usr/bin/grep'
GTK_CFLAGS='-mms-bitfields -pthread -mms-bitfields -IC:/msys64/mingw64/include/gtk-3.0 -IC:/msys64/mingw64/include/cairo -IC:/msys64/mingw64/include -IC:/msys64/mingw64/include/pango-1.0 -IC:/msys64/mingw64/include/fribidi -IC:/msys64/mingw64/include -IC:/msys64/mingw64/include/atk-1.0 -IC:/msys64/mingw64/include/cairo -IC:/msys64/mingw64/include/pixman-1 -IC:/msys64/mingw64/include -IC:/msys64/mingw64/include/freetype2 -IC:/msys64/mingw64/include -IC:/msys64/mingw64/include/harfbuzz -IC:/msys64/mingw64/include/libpng16 -IC:/msys64/mingw64/include/gdk-pixbuf-2.0 -IC:/msys64/mingw64/include/libpng16 -IC:/msys64/mingw64/include -IC:/msys64/mingw64/lib/libffi-3.2.1/include -IC:/msys64/mingw64/include/glib-2.0 -IC:/msys64/mingw64/lib/glib-2.0/include -IC:/msys64/mingw64/include'
GTK_LIBS='-LC:/msys64/mingw64/lib -lgtk-3 -lgdk-3 -lgdi32 -limm32 -lshell32 -lole32 -Wl,-luuid -lwinmm -ldwmapi -lsetupapi -lcfgmgr32 -lz -lpangowin32-1.0 -lpangocairo-1.0 -lpango-1.0 -latk-1.0 -lcairo-gobject -lcairo -lgdk_pixbuf-2.0 -lgio-2.0 -lgobject-2.0 -lglib-2.0 -lintl'
INSTALL_DATA='${INSTALL} -m 644'
INSTALL_PROGRAM='${INSTALL}'
INSTALL_SCRIPT='${INSTALL}'
INSTALL_STRIP_PROGRAM='$(install_sh) -c -s'
INTLTOOL_CAVES_RULE='%.caves:     %.caves.in     $(INTLTOOL_MERGE) $(wildcard $(top_srcdir)/po/*.po) ; $(INTLTOOL_V_MERGE)LC_ALL=C $(INTLTOOL_MERGE) $(INTLTOOL_V_MERGE_OPTIONS) -d -u -c $(top_builddir)/po/.intltool-merge-cache $(top_srcdir)/po $< $@'
INTLTOOL_DESKTOP_RULE='%.desktop:   %.desktop.in   $(INTLTOOL_MERGE) $(wildcard $(top_srcdir)/po/*.po) ; $(INTLTOOL_V_MERGE)LC_ALL=C $(INTLTOOL_MERGE) $(INTLTOOL_V_MERGE_OPTIONS) -d -u -c $(top_builddir)/po/.intltool-merge-cache $(top_srcdir)/po $< $@'
INTLTOOL_DIRECTORY_RULE='%.directory: %.directory.in $(INTLTOOL_MERGE) $(wildcard $(top_srcdir)/po/*.po) ; $(INTLTOOL_V_MERGE)LC_ALL=C $(INTLTOOL_MERGE) $(INTLTOOL_V_MERGE_OPTIONS) -d -u -c $(top_builddir)/po/.intltool-merge-cache $(top_srcdir)/po $< $@'
INTLTOOL_EXTRACT='/usr/bin/intltool-extract'
INTLTOOL_KBD_RULE='%.kbd:       %.kbd.in       $(INTLTOOL_MERGE) $(wildcard $(top_srcdir)/po/*.po) ; $(INTLTOOL_V_MERGE)LC_ALL=C $(INTLTOOL_MERGE) $(INTLTOOL_V_MERGE_OPTIONS) -x -u -m -c $(top_builddir)/po/.intltool-merge-cache $(top_srcdir)/po $< $@'
INTLTOOL_KEYS_RULE='%.keys:      %.keys.in      $(INTLTOOL_MERGE) $(wildcard $(top_srcdir)/po/*.po) ; $(INTLTOOL_V_MERGE)LC_ALL=C $(INTLTOOL_MERGE) $(INTLTOOL_V_MERGE_OPTIONS) -k -u -c $(top_builddir)/po/.intltool-merge-cache $(top_srcdir)/po $< $@'
INTLTOOL_MERGE='/usr/bin/intltool-merge'
INTLTOOL_OAF_RULE='%.oaf:       %.oaf.in       $(INTLTOOL_MERGE) $(wildcard $(top_srcdir)/po/*.po) ; $(INTLTOOL_V_MERGE)LC_ALL=C $(INTLTOOL_MERGE) $(INTLTOOL_V_MERGE_OPTIONS) -o -p $(top_srcdir)/po $< $@'
INTLTOOL_PERL='/usr/bin/perl'
INTLTOOL_POLICY_RULE='%.policy:    %.policy.in    $(INTLTOOL_MERGE) $(wildcard $(top_srcdir)/po/*.po) ; $(INTLTOOL_V_MERGE)LC_ALL=C $(INTLTOOL_MERGE) $(INTLTOOL_V_MERGE_OPTIONS) -x -u -c $(top_builddir)/po/.intltool-merge-cache $(top_srcdir)/po $< $@'
INTLTOOL_PONG_RULE='%.pong:      %.pong.in      $(INTLTOOL_MERGE) $(wildcard $(top_srcdir)/po/*.po) ; $(INTLTOOL_V_MERGE)LC_ALL=C $(INTLTOOL_MERGE) $(INTLTOOL_V_MERGE_OPTIONS) -x -u -c $(top_builddir)/po/.intltool-merge-cache $(top_srcdir)/po $< $@'
INTLTOOL_PROP_RULE='%.prop:      %.prop.in      $(INTLTOOL_MERGE) $(wildcard $(top_srcdir)/po/*.po) ; $(INTLTOOL_V_MERGE)LC_ALL=C $(INTLTOOL_MERGE) $(INTLTOOL_V_MERGE_OPTIONS) -d -u -c $(top_builddir)/po/.intltool-merge-cache $(top_srcdir)/po $< $@'
INTLTOOL_SCHEMAS_RULE='%.schemas:   %.schemas.in   $(INTLTOOL_MERGE) $(wildcard $(top_srcdir)/po/*.po) ; $(INTLTOOL_V_MERGE)LC_ALL=C $(INTLTOOL_MERGE) $(INTLTOOL_V_MERGE_OPTIONS) -s -u -c $(top_builddir)/po/.intltool-merge-cache $(top_srcdir)/po $< $@'
INTLTOOL_SERVER_RULE='%.server:    %.server.in    $(INTLTOOL_MERGE) $(wildcard $(top_srcdir)/po/*.po) ; $(INTLTOOL_V_MERGE)LC_ALL=C $(INTLTOOL_MERGE) $(INTLTOOL_V_MERGE_OPTIONS) -o -u -c $(top_builddir)/po/.intltool-merge-cache $(top_srcdir)/po $< $@'
INTLTOOL_SERVICE_RULE='%.service: %.service.in   $(INTLTOOL_MERGE) $(wildcard $(top_srcdir)/po/*.po) ; $(INTLTOOL_V_MERGE)LC_ALL=C $(INTLTOOL_MERGE) $(INTLTOOL_V_MERGE_OPTIONS) -d -u -c $(top_builddir)/po/.intltool-merge-cache $(top_srcdir)/po $< $@'
INTLTOOL_SHEET_RULE='%.sheet:     %.sheet.in     $(INTLTOOL_MERGE) $(wildcard $(top_srcdir)/po/*.po) ; $(INTLTOOL_V_MERGE)LC_ALL=C $(INTLTOOL_MERGE) $(INTLTOOL_V_MERGE_OPTIONS) -x -u -c $(top_builddir)/po/.intltool-merge-cache $(top_srcdir)/po $< $@'
INTLTOOL_SOUNDLIST_RULE='%.soundlist: %.soundlist.in $(INTLTOOL_MERGE) $(wildcard $(top_srcdir)/po/*.po) ; $(INTLTOOL_V_MERGE)LC_ALL=C $(INTLTOOL_MERGE) $(INTLTOOL_V_MERGE_OPTIONS) -d -u -c $(top_builddir)/po/.intltool-merge-cache $(top_srcdir)/po $< $@'
INTLTOOL_THEME_RULE='%.theme:     %.theme.in     $(INTLTOOL_MERGE) $(wildcard $(top_srcdir)/po/*.po) ; $(INTLTOOL_V_MERGE)LC_ALL=C $(INTLTOOL_MERGE) $(INTLTOOL_V_MERGE_OPTIONS) -d -u -c $(top_builddir)/po/.intltool-merge-cache $(top_srcdir)/po $< $@'
INTLTOOL_UI_RULE='%.ui:        %.ui.in        $(INTLTOOL_MERGE) $(wildcard $(top_srcdir)/po/*.po) ; $(INTLTOOL_V_MERGE)LC_ALL=C $(INTLTOOL_MERGE) $(INTLTOOL_V_MERGE_OPTIONS) -x -u -c $(top_builddir)/po/.intltool-merge-cache $(top_srcdir)/po $< $@'
INTLTOOL_UPDATE='/usr/bin/intltool-update'
INTLTOOL_V_MERGE='$(INTLTOOL__v_MERGE_$(V))'
INTLTOOL_V_MERGE_OPTIONS='$(intltool__v_merge_options_$(V))'
INTLTOOL_XAM_RULE='%.xam:       %.xml.in       $(INTLTOOL_MERGE) $(wildcard $(top_srcdir)/po/*.po) ; $(INTLTOOL_V_MERGE)LC_ALL=C $(INTLTOOL_MERGE) $(INTLTOOL_V_MERGE_OPTIONS) -x -u -c $(top_builddir)/po/.intltool-merge-cache $(top_srcdir)/po $< $@'
INTLTOOL_XML_NOMERGE_RULE='%.xml:       %.xml.in       $(INTLTOOL_MERGE) ; $(INTLTOOL_V_MERGE)LC_ALL=C $(INTLTOOL_MERGE) $(INTLTOOL_V_MERGE_OPTIONS) -x -u --no-translations $< $@'
INTLTOOL_XML_RULE='%.xml:       %.xml.in       $(INTLTOOL_MERGE) $(wildcard $(top_srcdir)/po/*.po) ; $(INTLTOOL_V_MERGE)LC_ALL=C $(INTLTOOL_MERGE) $(INTLTOOL_V_MERGE_OPTIONS) -x -u -c $(top_builddir)/po/.intltool-merge-cache $(top_srcdir)/po $< $@'
INTLTOOL__v_MERGE_0='@echo "  ITMRG " $@;'
INTLTOOL__v_MERGE_='$(INTLTOOL__v_MERGE_$(AM_DEFAULT_VERBOSITY))'
LD='C:/msys64/mingw64/x86_64-w64-mingw32/bin/ld.exe'
LDFLAGS=''
LIBCURL_CFLAGS='-IC:/msys64/mingw64/include'
LIBCURL_LIBS='-LC:/msys64/mingw64/lib -lcurl'
LIBOBJS=''
LIBS=''
LIBTOOL='$(SHELL) $(top_builddir)/libtool'
LIPO=''
LN_S='cp -pR'
LTLIBOBJS=''
LT_SYS_LIBRARY_PATH=''
MAKEINFO='${SHELL} /home/sbailleu/CScan/build-aux/missing makeinfo'
MANIFEST_TOOL=':'
MKDIR_P='/usr/bin/mkdir -p'
MSGFMT='/mingw64/bin/msgfmt'
MSGMERGE='/mingw64/bin/msgmerge'
NM='/mingw64/bin/nm -B'
NMEDIT=''
OBJDUMP='objdump'
OBJEXT='o'
OTOOL64=''
OTOOL=''
PACKAGE='cscan'
PACKAGE_BUGREPORT='support@fight-food-waste.ovh'
PACKAGE_NAME='CScan'
PACKAGE_STRING='CScan 1.0'
PACKAGE_TARNAME='cscan'
PACKAGE_URL=''
PACKAGE_VERSION='1.0'
PANGO_CFLAGS='-mms-bitfields -IC:/msys64/mingw64/include/pango-1.0 -IC:/msys64/mingw64/include/fribidi -IC:/msys64/mingw64/include -IC:/msys64/mingw64/include/cairo -IC:/msys64/mingw64/include/pixman-1 -IC:/msys64/mingw64/include -IC:/msys64/mingw64/include/freetype2 -IC:/msys64/mingw64/include -IC:/msys64/mingw64/include/harfbuzz -IC:/msys64/mingw64/include/libpng16 -IC:/msys64/mingw64/include -IC:/msys64/mingw64/lib/libffi-3.2.1/include -IC:/msys64/mingw64/include/glib-2.0 -IC:/msys64/mingw64/lib/glib-2.0/include -IC:/msys64/mingw64/include'
PANGO_LIBS='-LC:/msys64/mingw64/lib -lpango-1.0 -lgobject-2.0 -lglib-2.0 -lintl'
PATH_SEPARATOR=':'
PKG_CONFIG='/mingw64/bin/pkg-config'
PKG_CONFIG_LIBDIR=''
PKG_CONFIG_PATH='@PKG_CONFIG_PATH@'
RANLIB='ranlib'
SED='/usr/bin/sed'
SET_MAKE=''
SHELL='/bin/sh'
STRIP='strip'
USE_NLS='yes'
VERSION='1.0'
XGETTEXT='/mingw64/bin/xgettext'
ac_ct_AR='ar'
ac_ct_CC='gcc'
ac_ct_DUMPBIN=''
am__EXEEXT_FALSE='#'
am__EXEEXT_TRUE=''
am__fastdepCC_FALSE='#'
am__fastdepCC_TRUE=''
am__include='include'
am__isrc=''
am__leading_dot='.'
am__nodep='_no'
am__quote=''
am__tar='$${TAR-tar} chof - "$$tardir"'
am__untar='$${TAR-tar} xf -'
bindir='${exec_prefix}/bin'
build='x86_64-pc-msys'
build_alias='x86_64-pc-msys'
build_cpu='x86_64'
build_os='msys'
build_vendor='pc'
datadir='${datarootdir}'
datarootdir='${prefix}/share'
docdir='${datarootdir}/doc/${PACKAGE_TARNAME}'
dvidir='${docdir}'
exec_prefix='${prefix}'
host='x86_64-pc-msys'
host_alias=''
host_cpu='x86_64'
host_os='msys'
host_vendor='pc'
htmldir='${docdir}'
includedir='${prefix}/include'
infodir='${datarootdir}/info'
install_sh='${SHELL} /home/sbailleu/CScan/build-aux/install-sh'
intltool__v_merge_options_0='-q'
intltool__v_merge_options_='$(intltool__v_merge_options_$(AM_DEFAULT_VERBOSITY))'
libdir='${exec_prefix}/lib'
libexecdir='${exec_prefix}/libexec'
localedir='${datarootdir}/locale'
localstatedir='${prefix}/var'
mandir='${datarootdir}/man'
mkdir_p='$(MKDIR_P)'
oldincludedir='/usr/include'
pdfdir='${docdir}'
prefix='/usr'
program_transform_name='s,x,x,'
psdir='${docdir}'
sbindir='${exec_prefix}/sbin'
sharedstatedir='${prefix}/com'
sysconfdir='${prefix}/etc'
target_alias=''

## ----------- ##
## confdefs.h. ##
## ----------- ##

/* confdefs.h */
#define PACKAGE_NAME "CScan"
#define PACKAGE_TARNAME "cscan"
#define PACKAGE_VERSION "1.0"
#define PACKAGE_STRING "CScan 1.0"
#define PACKAGE_BUGREPORT "support@fight-food-waste.ovh"
#define PACKAGE_URL ""
#define PACKAGE "cscan"
#define VERSION "1.0"
#define STDC_HEADERS 1
#define HAVE_SYS_TYPES_H 1
#define HAVE_SYS_STAT_H 1
#define HAVE_STDLIB_H 1
#define HAVE_STRING_H 1
#define HAVE_MEMORY_H 1
#define HAVE_STRINGS_H 1
#define HAVE_INTTYPES_H 1
#define HAVE_STDINT_H 1
#define HAVE_UNISTD_H 1
#define LT_OBJDIR ".libs/"
#define STDC_HEADERS 1

configure: exit 0

## ---------------------- ##
## Running config.status. ##
## ---------------------- ##

This file was extended by CScan config.status 1.0, which was
generated by GNU Autoconf 2.69.  Invocation command line was

  CONFIG_FILES    = 
  CONFIG_HEADERS  = 
  CONFIG_LINKS    = 
  CONFIG_COMMANDS = 
  $ ./config.status 

on VFR-LAP13135

config.status:1179: creating Makefile
config.status:1179: creating src/Makefile
config.status:1179: creating ca/Makefile
config.status:1179: creating css/Makefile
config.status:1179: creating bin/Makefile
config.status:1179: creating logs/Makefile
config.status:1179: creating glade/Makefile
config.status:1179: creating json/Makefile
config.status:1179: creating po/Makefile
config.status:1179: creating config.h
config.status:1360: config.h is unchanged
config.status:1408: executing depfiles commands
config.status:1485: cd src       && sed -e '/# am--include-marker/d' Makefile         | make -f - am--depfiles
make[1]: Entering directory '/home/sbailleu/CScan/src'
make[1]: Nothing to be done for 'am--depfiles'.
make[1]: Leaving directory '/home/sbailleu/CScan/src'
config.status:1490: $? = 0
config.status:1408: executing libtool commands
config.status:1408: executing po/stamp-it commands
config.status:2054: error: po/Makefile.in.in was not created by intltoolize.
